[20:54:52] [main/INFO]: Completely ignored arguments: [MGZhYTg4YmUtMzg1Yi00ZmMxLWE4MTQtYmNhMDA5ODBjM2Fk]
[20:54:59] [Datafixer Bootstrap/INFO]: 198 Datafixer optimizations took 550 milliseconds
[20:55:01] [Render thread/INFO]: Environment: Environment[sessionHost=https://sessionserver.mojang.com, servicesHost=https://api.minecraftservices.com, name=PROD]
[20:55:01] [Render thread/INFO]: Setting user: DemonHunter
[20:55:01] [Render thread/INFO]: Backend library: LWJGL version 3.3.2+13
[20:55:02] [Download-2/ERROR]: Failed to fetch user properties
com.mojang.authlib.exceptions.InvalidCredentialsException: Status: 401
	at com.mojang.authlib.exceptions.MinecraftClientHttpException.toAuthenticationException(MinecraftClientHttpException.java:59) ~[authlib-6.0.52.jar:?]
	at com.mojang.authlib.yggdrasil.YggdrasilUserApiService.fetchProperties(YggdrasilUserApiService.java:150) ~[authlib-6.0.52.jar:?]
	at evi.bL(SourceFile:467) ~[1.20.4.jar:?]
	at java.util.concurrent.CompletableFuture$AsyncSupply.run(CompletableFuture.java:1768) ~[?:?]
	at java.util.concurrent.ThreadPoolExecutor.runWorker(ThreadPoolExecutor.java:1136) ~[?:?]
	at java.util.concurrent.ThreadPoolExecutor$Worker.run(ThreadPoolExecutor.java:635) ~[?:?]
	at java.lang.Thread.run(Thread.java:833) ~[?:?]
Caused by: com.mojang.authlib.exceptions.MinecraftClientHttpException: Status: 401
	at com.mojang.authlib.minecraft.client.MinecraftClient.readInputStream(MinecraftClient.java:100) ~[authlib-6.0.52.jar:?]
	at com.mojang.authlib.minecraft.client.MinecraftClient.get(MinecraftClient.java:57) ~[authlib-6.0.52.jar:?]
	at com.mojang.authlib.yggdrasil.YggdrasilUserApiService.fetchProperties(YggdrasilUserApiService.java:121) ~[authlib-6.0.52.jar:?]
	... 5 more
[20:55:03] [Render thread/INFO]: Reloading ResourceManager: vanilla
[20:55:04] [Worker-Main-2/ERROR]: Failed to retrieve profile key pair
com.mojang.authlib.exceptions.MinecraftClientHttpException: Status: 401
	at com.mojang.authlib.minecraft.client.MinecraftClient.readInputStream(MinecraftClient.java:100) ~[authlib-6.0.52.jar:?]
	at com.mojang.authlib.minecraft.client.MinecraftClient.post(MinecraftClient.java:65) ~[authlib-6.0.52.jar:?]
	at com.mojang.authlib.yggdrasil.YggdrasilUserApiService.getKeyPair(YggdrasilUserApiService.java:61) ~[authlib-6.0.52.jar:?]
	at fnl.a(SourceFile:130) ~[1.20.4.jar:?]
	at fnl.b(SourceFile:79) ~[1.20.4.jar:?]
	at java.util.concurrent.CompletableFuture$AsyncSupply.run(CompletableFuture.java:1768) ~[?:?]
	at java.util.concurrent.CompletableFuture$AsyncSupply.exec(CompletableFuture.java:1760) ~[?:?]
	at java.util.concurrent.ForkJoinTask.doExec(ForkJoinTask.java:373) ~[?:?]
	at java.util.concurrent.ForkJoinPool$WorkQueue.topLevelExec(ForkJoinPool.java:1182) ~[?:?]
	at java.util.concurrent.ForkJoinPool.scan(ForkJoinPool.java:1655) ~[?:?]
	at java.util.concurrent.ForkJoinPool.runWorker(ForkJoinPool.java:1622) ~[?:?]
	at java.util.concurrent.ForkJoinWorkerThread.run(ForkJoinWorkerThread.java:165) ~[?:?]
[20:55:04] [Worker-Main-2/INFO]: Found unifont_all_no_pua-15.1.04.hex, loading
[20:55:12] [Render thread/WARN]: Missing sound for event: minecraft:item.goat_horn.play
[20:55:12] [Render thread/WARN]: Missing sound for event: minecraft:entity.goat.screaming.horn_break
[20:55:12] [Render thread/WARN]: Missing sound for event: minecraft:entity.generic.wind_burst
[20:55:13] [Render thread/INFO]: OpenAL initialized on device OpenAL Soft on Speaker (Realtek(R) Audio)
[20:55:13] [Render thread/INFO]: Sound engine started
[20:55:14] [Render thread/INFO]: Created: 1024x512x4 minecraft:textures/atlas/blocks.png-atlas
[20:55:15] [Render thread/INFO]: Created: 256x256x4 minecraft:textures/atlas/signs.png-atlas
[20:55:15] [Render thread/INFO]: Created: 512x512x4 minecraft:textures/atlas/shield_patterns.png-atlas
[20:55:15] [Render thread/INFO]: Created: 512x512x4 minecraft:textures/atlas/banner_patterns.png-atlas
[20:55:15] [Render thread/INFO]: Created: 1024x1024x4 minecraft:textures/atlas/armor_trims.png-atlas
[20:55:15] [Render thread/INFO]: Created: 128x64x4 minecraft:textures/atlas/decorated_pot.png-atlas
[20:55:15] [Render thread/INFO]: Created: 256x256x4 minecraft:textures/atlas/chest.png-atlas
[20:55:15] [Render thread/INFO]: Created: 512x256x4 minecraft:textures/atlas/shulker_boxes.png-atlas
[20:55:15] [Render thread/INFO]: Created: 512x256x4 minecraft:textures/atlas/beds.png-atlas
[20:55:16] [Render thread/WARN]: Shader rendertype_entity_translucent_emissive could not find sampler named Sampler2 in the specified shader program.
[20:55:17] [Render thread/INFO]: Created: 512x256x0 minecraft:textures/atlas/particles.png-atlas
[20:55:17] [Render thread/INFO]: Created: 256x256x0 minecraft:textures/atlas/paintings.png-atlas
[20:55:17] [Render thread/INFO]: Created: 128x128x0 minecraft:textures/atlas/mob_effects.png-atlas
[20:55:17] [Render thread/INFO]: Created: 1024x512x0 minecraft:textures/atlas/gui.png-atlas
[20:55:17] [IO-Worker-1/INFO]: Could not authorize you against Realms server: Invalid session id
[20:55:17] [IO-Worker-1/ERROR]: Couldn't connect to realms
ese: Realms authentication error with message 'Invalid session id'
	at eqr.a(SourceFile:447) ~[1.20.4.jar:?]
	at eqr.g(SourceFile:232) ~[1.20.4.jar:?]
	at eql.c(SourceFile:45) ~[1.20.4.jar:?]
	at java.util.concurrent.CompletableFuture$AsyncSupply.run(CompletableFuture.java:1768) ~[?:?]
	at java.util.concurrent.ThreadPoolExecutor.runWorker(ThreadPoolExecutor.java:1136) ~[?:?]
	at java.util.concurrent.ThreadPoolExecutor$Worker.run(ThreadPoolExecutor.java:635) ~[?:?]
	at java.lang.Thread.run(Thread.java:833) ~[?:?]
[20:55:30] [Render thread/INFO]: Loaded 7 recipes
[20:55:30] [Render thread/INFO]: Loaded 1271 advancements
[20:56:03] [Render thread/INFO]: Loaded 7 recipes
[20:56:03] [Render thread/INFO]: Loaded 1271 advancements
[20:56:03] [Server thread/INFO]: Starting integrated minecraft server version 1.20.4
[20:56:03] [Server thread/INFO]: Generating keypair
[20:56:07] [Server thread/INFO]: Preparing start region for dimension minecraft:overworld
[20:56:11] [Render thread/INFO]: Preparing spawn area: 0%
[20:56:11] [Render thread/INFO]: Preparing spawn area: 0%
[20:56:11] [Render thread/INFO]: Preparing spawn area: 0%
[20:56:11] [Render thread/INFO]: Preparing spawn area: 0%
[20:56:11] [Render thread/INFO]: Preparing spawn area: 0%
[20:56:11] [Render thread/INFO]: Preparing spawn area: 0%
[20:56:11] [Render thread/INFO]: Preparing spawn area: 0%
[20:56:11] [Render thread/INFO]: Preparing spawn area: 0%
[20:56:11] [Render thread/INFO]: Preparing spawn area: 0%
[20:56:11] [Render thread/INFO]: Preparing spawn area: 0%
[20:56:12] [Render thread/INFO]: Preparing spawn area: 0%
[20:56:12] [Render thread/INFO]: Preparing spawn area: 0%
[20:56:13] [Render thread/INFO]: Preparing spawn area: 0%
[20:56:13] [Render thread/INFO]: Preparing spawn area: 21%
[20:56:14] [Render thread/INFO]: Time elapsed: 7580 ms
[20:56:15] [Server thread/INFO]: Changing view distance to 23, from 10
[20:56:15] [Server thread/INFO]: Changing simulation distance to 12, from 0
[20:56:17] [Server thread/INFO]: DemonHunter[local:E:fbea91bf] logged in with entity id 80 at (-265.90900813680065, 93.0, 78.61708329157189)
[20:56:17] [Server thread/INFO]: DemonHunter joined the game
[20:56:18] [Render thread/INFO]: Loaded 275 advancements
[20:56:30] [Server thread/WARN]: Can't keep up! Is the server overloaded? Running 2005ms or 40 ticks behind
[20:56:32] [Server thread/INFO]: Saving and pausing game...
[20:56:32] [Server thread/INFO]: Saving chunks for level 'ServerLevel[New World]'/minecraft:overworld
[20:56:34] [Server thread/INFO]: Saving chunks for level 'ServerLevel[New World]'/minecraft:the_end
[20:56:34] [Server thread/INFO]: Saving chunks for level 'ServerLevel[New World]'/minecraft:the_nether
[20:59:58] [Server thread/INFO]: DemonHunter was shot by Pillager
[20:59:58] [Render thread/INFO]: [System] [CHAT] DemonHunter was shot by Pillager
[21:00:00] [Server thread/INFO]: Saving and pausing game...
[21:00:00] [Server thread/INFO]: Saving chunks for level 'ServerLevel[New World]'/minecraft:overworld
[21:00:00] [Server thread/INFO]: Saving chunks for level 'ServerLevel[New World]'/minecraft:the_end
[21:00:00] [Server thread/INFO]: Saving chunks for level 'ServerLevel[New World]'/minecraft:the_nether
[21:00:01] [Server thread/INFO]: DemonHunter lost connection: Disconnected
[21:00:01] [Server thread/INFO]: DemonHunter left the game
[21:00:01] [Server thread/INFO]: Stopping singleplayer server as player logged out
[21:00:01] [Server thread/INFO]: Stopping server
[21:00:01] [Server thread/INFO]: Saving players
[21:00:01] [Server thread/INFO]: Saving worlds
[21:00:02] [Server thread/INFO]: Saving chunks for level 'ServerLevel[New World]'/minecraft:overworld
[21:00:02] [Server thread/INFO]: Saving chunks for level 'ServerLevel[New World]'/minecraft:the_end
[21:00:02] [Server thread/INFO]: Saving chunks for level 'ServerLevel[New World]'/minecraft:the_nether
[21:00:02] [Server thread/INFO]: ThreadedAnvilChunkStorage (New World): All chunks are saved
[21:00:02] [Server thread/INFO]: ThreadedAnvilChunkStorage (DIM1): All chunks are saved
[21:00:02] [Server thread/INFO]: ThreadedAnvilChunkStorage (DIM-1): All chunks are saved
[21:00:02] [Server thread/INFO]: ThreadedAnvilChunkStorage: All dimensions are saved
[21:00:23] [Render thread/INFO]: Loaded 7 recipes
[21:00:23] [Render thread/INFO]: Loaded 1271 advancements
[21:00:33] [Render thread/INFO]: Loaded 7 recipes
[21:00:33] [Render thread/INFO]: Loaded 1271 advancements
[21:00:34] [Server thread/INFO]: Starting integrated minecraft server version 1.20.4
[21:00:34] [Server thread/INFO]: Generating keypair
[21:00:37] [Server thread/INFO]: Preparing start region for dimension minecraft:overworld
[21:00:39] [Render thread/INFO]: Preparing spawn area: 0%
[21:00:39] [Render thread/INFO]: Preparing spawn area: 0%
[21:00:39] [Render thread/INFO]: Preparing spawn area: 0%
[21:00:39] [Render thread/INFO]: Preparing spawn area: 0%
[21:00:39] [Render thread/INFO]: Preparing spawn area: 0%
[21:00:39] [Render thread/INFO]: Preparing spawn area: 0%
[21:00:40] [Render thread/INFO]: Preparing spawn area: 0%
[21:00:40] [Render thread/INFO]: Preparing spawn area: 1%
[21:00:41] [Render thread/INFO]: Preparing spawn area: 4%
[21:00:41] [Render thread/INFO]: Preparing spawn area: 39%
[21:00:42] [Render thread/INFO]: Time elapsed: 4976 ms
[21:00:42] [Server thread/INFO]: Changing view distance to 23, from 10
[21:00:42] [Server thread/INFO]: Changing simulation distance to 12, from 0
[21:00:42] [Server thread/INFO]: DemonHunter[local:E:0500bf8c] logged in with entity id 1321 at (-269.69999998807907, 63.0, 141.56671461842706)
[21:00:42] [Server thread/INFO]: DemonHunter joined the game
[21:00:43] [Render thread/INFO]: Loaded 275 advancements
[21:01:03] [Server thread/INFO]: Saving and pausing game...
[21:01:03] [Server thread/INFO]: Saving chunks for level 'ServerLevel[New World]'/minecraft:overworld
[21:01:03] [Server thread/INFO]: Saving chunks for level 'ServerLevel[New World]'/minecraft:the_end
[21:01:03] [Server thread/INFO]: Saving chunks for level 'ServerLevel[New World]'/minecraft:the_nether
[21:02:44] [Server thread/INFO]: Saving and pausing game...
[21:02:44] [Server thread/INFO]: Saving chunks for level 'ServerLevel[New World]'/minecraft:overworld
[21:02:44] [Server thread/INFO]: Saving chunks for level 'ServerLevel[New World]'/minecraft:the_end
[21:02:44] [Server thread/INFO]: Saving chunks for level 'ServerLevel[New World]'/minecraft:the_nether
[21:02:44] [Server thread/INFO]: Saving and pausing game...
[21:02:44] [Server thread/INFO]: Saving chunks for level 'ServerLevel[New World]'/minecraft:overworld
[21:02:44] [Server thread/INFO]: Saving chunks for level 'ServerLevel[New World]'/minecraft:the_end
[21:02:44] [Server thread/INFO]: Saving chunks for level 'ServerLevel[New World]'/minecraft:the_nether
[21:03:47] [Server thread/INFO]: Saving and pausing game...
[21:03:47] [Server thread/INFO]: Saving chunks for level 'ServerLevel[New World]'/minecraft:overworld
[21:03:47] [Server thread/INFO]: Saving chunks for level 'ServerLevel[New World]'/minecraft:the_end
[21:03:47] [Server thread/INFO]: Saving chunks for level 'ServerLevel[New World]'/minecraft:the_nether
[21:03:53] [Server thread/INFO]: Saving and pausing game...
[21:03:53] [Server thread/INFO]: Saving chunks for level 'ServerLevel[New World]'/minecraft:overworld
[21:03:53] [Server thread/INFO]: Saving chunks for level 'ServerLevel[New World]'/minecraft:the_end
[21:03:53] [Server thread/INFO]: Saving chunks for level 'ServerLevel[New World]'/minecraft:the_nether
[21:05:15] [Server thread/INFO]: Saving and pausing game...
[21:05:15] [Server thread/INFO]: Saving chunks for level 'ServerLevel[New World]'/minecraft:overworld
[21:05:15] [Server thread/INFO]: Saving chunks for level 'ServerLevel[New World]'/minecraft:the_end
[21:05:15] [Server thread/INFO]: Saving chunks for level 'ServerLevel[New World]'/minecraft:the_nether
[21:06:57] [Render thread/INFO]: Loaded 292 advancements
[21:07:13] [Server thread/INFO]: Saving and pausing game...
[21:07:13] [Server thread/INFO]: Saving chunks for level 'ServerLevel[New World]'/minecraft:overworld
[21:07:13] [Server thread/INFO]: Saving chunks for level 'ServerLevel[New World]'/minecraft:the_end
[21:07:13] [Server thread/INFO]: Saving chunks for level 'ServerLevel[New World]'/minecraft:the_nether
[21:09:21] [Server thread/INFO]: DemonHunter fell from a high place
[21:09:21] [Render thread/INFO]: [System] [CHAT] DemonHunter fell from a high place
[21:24:03] [Server thread/INFO]: Saving and pausing game...
[21:24:03] [Server thread/INFO]: Saving chunks for level 'ServerLevel[New World]'/minecraft:overworld
[21:24:03] [Server thread/INFO]: Saving chunks for level 'ServerLevel[New World]'/minecraft:the_end
[21:24:03] [Server thread/INFO]: Saving chunks for level 'ServerLevel[New World]'/minecraft:the_nether
[21:26:23] [Server thread/INFO]: Saving and pausing game...
[21:26:23] [Server thread/INFO]: Saving chunks for level 'ServerLevel[New World]'/minecraft:overworld
[21:26:23] [Server thread/INFO]: Saving chunks for level 'ServerLevel[New World]'/minecraft:the_end
[21:26:23] [Server thread/INFO]: Saving chunks for level 'ServerLevel[New World]'/minecraft:the_nether
[21:29:09] [Server thread/INFO]: Saving and pausing game...
[21:29:09] [Server thread/INFO]: Saving chunks for level 'ServerLevel[New World]'/minecraft:overworld
[21:29:09] [Server thread/INFO]: Saving chunks for level 'ServerLevel[New World]'/minecraft:the_end
[21:29:09] [Server thread/INFO]: Saving chunks for level 'ServerLevel[New World]'/minecraft:the_nether
[21:33:46] [Render thread/INFO]: Loaded 292 advancements
[21:34:09] [Render thread/INFO]: [System] [CHAT] Respawn point set
[21:37:03] [Server thread/INFO]: Saving and pausing game...
[21:37:03] [Server thread/INFO]: Saving chunks for level 'ServerLevel[New World]'/minecraft:overworld
[21:37:03] [Server thread/INFO]: Saving chunks for level 'ServerLevel[New World]'/minecraft:the_end
[21:37:03] [Server thread/INFO]: Saving chunks for level 'ServerLevel[New World]'/minecraft:the_nether
[21:37:40] [Server thread/INFO]: Saving and pausing game...
[21:37:40] [Server thread/INFO]: Saving chunks for level 'ServerLevel[New World]'/minecraft:overworld
[21:37:40] [Server thread/INFO]: Saving chunks for level 'ServerLevel[New World]'/minecraft:the_end
[21:37:40] [Server thread/INFO]: Saving chunks for level 'ServerLevel[New World]'/minecraft:the_nether
[21:49:15] [Server thread/INFO]: Saving and pausing game...
[21:49:15] [Server thread/INFO]: Saving chunks for level 'ServerLevel[New World]'/minecraft:overworld
[21:49:15] [Server thread/INFO]: Saving chunks for level 'ServerLevel[New World]'/minecraft:the_end
[21:49:15] [Server thread/INFO]: Saving chunks for level 'ServerLevel[New World]'/minecraft:the_nether
[22:02:55] [Server thread/INFO]: Saving and pausing game...
[22:02:55] [Server thread/INFO]: Saving chunks for level 'ServerLevel[New World]'/minecraft:overworld
[22:02:55] [Server thread/INFO]: Saving chunks for level 'ServerLevel[New World]'/minecraft:the_end
[22:02:55] [Server thread/INFO]: Saving chunks for level 'ServerLevel[New World]'/minecraft:the_nether
[22:03:16] [Server thread/INFO]: Saving and pausing game...
[22:03:16] [Server thread/INFO]: Saving chunks for level 'ServerLevel[New World]'/minecraft:overworld
[22:03:16] [Server thread/INFO]: Saving chunks for level 'ServerLevel[New World]'/minecraft:the_end
[22:03:16] [Server thread/INFO]: Saving chunks for level 'ServerLevel[New World]'/minecraft:the_nether
[22:03:22] [Server thread/INFO]: Saving and pausing game...
[22:03:22] [Server thread/INFO]: Saving chunks for level 'ServerLevel[New World]'/minecraft:overworld
[22:03:22] [Server thread/INFO]: Saving chunks for level 'ServerLevel[New World]'/minecraft:the_end
[22:03:22] [Server thread/INFO]: Saving chunks for level 'ServerLevel[New World]'/minecraft:the_nether
[22:08:58] [Server thread/INFO]: Saving and pausing game...
[22:08:58] [Server thread/INFO]: Saving chunks for level 'ServerLevel[New World]'/minecraft:overworld
[22:08:58] [Server thread/INFO]: Saving chunks for level 'ServerLevel[New World]'/minecraft:the_end
[22:08:58] [Server thread/INFO]: Saving chunks for level 'ServerLevel[New World]'/minecraft:the_nether
[22:09:22] [Server thread/INFO]: Saving and pausing game...
[22:09:22] [Server thread/INFO]: Saving chunks for level 'ServerLevel[New World]'/minecraft:overworld
[22:09:22] [Server thread/INFO]: Saving chunks for level 'ServerLevel[New World]'/minecraft:the_end
[22:09:22] [Server thread/INFO]: Saving chunks for level 'ServerLevel[New World]'/minecraft:the_nether
[22:19:10] [Server thread/INFO]: Saving and pausing game...
[22:19:10] [Server thread/INFO]: Saving chunks for level 'ServerLevel[New World]'/minecraft:overworld
[22:19:10] [Server thread/INFO]: Saving chunks for level 'ServerLevel[New World]'/minecraft:the_end
[22:19:10] [Server thread/INFO]: Saving chunks for level 'ServerLevel[New World]'/minecraft:the_nether
[22:22:42] [Server thread/INFO]: Saving and pausing game...
[22:22:42] [Server thread/INFO]: Saving chunks for level 'ServerLevel[New World]'/minecraft:overworld
[22:22:42] [Server thread/INFO]: Saving chunks for level 'ServerLevel[New World]'/minecraft:the_end
[22:22:42] [Server thread/INFO]: Saving chunks for level 'ServerLevel[New World]'/minecraft:the_nether
[22:22:44] [Server thread/INFO]: Saving and pausing game...
[22:22:44] [Server thread/INFO]: Saving chunks for level 'ServerLevel[New World]'/minecraft:overworld
[22:22:44] [Server thread/INFO]: Saving chunks for level 'ServerLevel[New World]'/minecraft:the_end
[22:22:44] [Server thread/INFO]: Saving chunks for level 'ServerLevel[New World]'/minecraft:the_nether
[22:23:06] [Server thread/INFO]: Saving and pausing game...
[22:23:06] [Server thread/INFO]: Saving chunks for level 'ServerLevel[New World]'/minecraft:overworld
[22:23:06] [Server thread/INFO]: Saving chunks for level 'ServerLevel[New World]'/minecraft:the_end
[22:23:06] [Server thread/INFO]: Saving chunks for level 'ServerLevel[New World]'/minecraft:the_nether
[22:23:08] [Server thread/INFO]: Saving and pausing game...
[22:23:08] [Server thread/INFO]: Saving chunks for level 'ServerLevel[New World]'/minecraft:overworld
[22:23:08] [Server thread/INFO]: Saving chunks for level 'ServerLevel[New World]'/minecraft:the_end
[22:23:08] [Server thread/INFO]: Saving chunks for level 'ServerLevel[New World]'/minecraft:the_nether
[22:28:30] [Server thread/INFO]: Saving and pausing game...
[22:28:30] [Server thread/INFO]: Saving chunks for level 'ServerLevel[New World]'/minecraft:overworld
[22:28:30] [Server thread/INFO]: Saving chunks for level 'ServerLevel[New World]'/minecraft:the_end
[22:28:30] [Server thread/INFO]: Saving chunks for level 'ServerLevel[New World]'/minecraft:the_nether
[22:34:24] [Server thread/INFO]: Saving and pausing game...
[22:34:24] [Server thread/INFO]: Saving chunks for level 'ServerLevel[New World]'/minecraft:overworld
[22:34:24] [Server thread/INFO]: Saving chunks for level 'ServerLevel[New World]'/minecraft:the_end
[22:34:24] [Server thread/INFO]: Saving chunks for level 'ServerLevel[New World]'/minecraft:the_nether
[22:34:46] [Server thread/INFO]: Saving and pausing game...
[22:34:46] [Server thread/INFO]: Saving chunks for level 'ServerLevel[New World]'/minecraft:overworld
[22:34:46] [Server thread/INFO]: Saving chunks for level 'ServerLevel[New World]'/minecraft:the_end
[22:34:46] [Server thread/INFO]: Saving chunks for level 'ServerLevel[New World]'/minecraft:the_nether
[22:36:18] [Server thread/INFO]: Saving and pausing game...
[22:36:18] [Server thread/INFO]: Saving chunks for level 'ServerLevel[New World]'/minecraft:overworld
[22:36:18] [Server thread/INFO]: Saving chunks for level 'ServerLevel[New World]'/minecraft:the_end
[22:36:18] [Server thread/INFO]: Saving chunks for level 'ServerLevel[New World]'/minecraft:the_nether
[22:36:37] [Server thread/INFO]: Saving and pausing game...
[22:36:37] [Server thread/INFO]: Saving chunks for level 'ServerLevel[New World]'/minecraft:overworld
[22:36:37] [Server thread/INFO]: Saving chunks for level 'ServerLevel[New World]'/minecraft:the_end
[22:36:37] [Server thread/INFO]: Saving chunks for level 'ServerLevel[New World]'/minecraft:the_nether
[22:37:02] [Server thread/INFO]: Saving and pausing game...
[22:37:02] [Server thread/INFO]: Saving chunks for level 'ServerLevel[New World]'/minecraft:overworld
[22:37:02] [Server thread/INFO]: Saving chunks for level 'ServerLevel[New World]'/minecraft:the_end
[22:37:02] [Server thread/INFO]: Saving chunks for level 'ServerLevel[New World]'/minecraft:the_nether
[22:40:32] [Render thread/INFO]: [System] [CHAT] Respawn point set
[22:40:42] [Server thread/INFO]: Saving and pausing game...
[22:40:42] [Server thread/INFO]: Saving chunks for level 'ServerLevel[New World]'/minecraft:overworld
[22:40:42] [Server thread/INFO]: Saving chunks for level 'ServerLevel[New World]'/minecraft:the_end
[22:40:42] [Server thread/INFO]: Saving chunks for level 'ServerLevel[New World]'/minecraft:the_nether
[22:40:58] [Server thread/INFO]: Saving and pausing game...
[22:40:58] [Server thread/INFO]: Saving chunks for level 'ServerLevel[New World]'/minecraft:overworld
[22:40:58] [Server thread/INFO]: Saving chunks for level 'ServerLevel[New World]'/minecraft:the_end
[22:40:58] [Server thread/INFO]: Saving chunks for level 'ServerLevel[New World]'/minecraft:the_nether
[22:42:53] [Server thread/INFO]: Saving and pausing game...
[22:42:53] [Server thread/INFO]: Saving chunks for level 'ServerLevel[New World]'/minecraft:overworld
[22:42:53] [Server thread/INFO]: Saving chunks for level 'ServerLevel[New World]'/minecraft:the_end
[22:42:53] [Server thread/INFO]: Saving chunks for level 'ServerLevel[New World]'/minecraft:the_nether
[22:43:13] [Server thread/INFO]: Saving and pausing game...
[22:43:13] [Server thread/INFO]: Saving chunks for level 'ServerLevel[New World]'/minecraft:overworld
[22:43:13] [Server thread/INFO]: Saving chunks for level 'ServerLevel[New World]'/minecraft:the_end
[22:43:13] [Server thread/INFO]: Saving chunks for level 'ServerLevel[New World]'/minecraft:the_nether
[22:43:31] [Server thread/INFO]: Saving and pausing game...
[22:43:31] [Server thread/INFO]: Saving chunks for level 'ServerLevel[New World]'/minecraft:overworld
[22:43:31] [Server thread/INFO]: Saving chunks for level 'ServerLevel[New World]'/minecraft:the_end
[22:43:31] [Server thread/INFO]: Saving chunks for level 'ServerLevel[New World]'/minecraft:the_nether
[22:46:21] [Server thread/INFO]: Saving and pausing game...
[22:46:21] [Server thread/INFO]: Saving chunks for level 'ServerLevel[New World]'/minecraft:overworld
[22:46:21] [Server thread/INFO]: Saving chunks for level 'ServerLevel[New World]'/minecraft:the_end
[22:46:21] [Server thread/INFO]: Saving chunks for level 'ServerLevel[New World]'/minecraft:the_nether
[22:48:50] [Server thread/INFO]: Saving and pausing game...
[22:48:50] [Server thread/INFO]: Saving chunks for level 'ServerLevel[New World]'/minecraft:overworld
[22:48:50] [Server thread/INFO]: Saving chunks for level 'ServerLevel[New World]'/minecraft:the_end
[22:48:50] [Server thread/INFO]: Saving chunks for level 'ServerLevel[New World]'/minecraft:the_nether
[22:54:14] [Server thread/INFO]: Saving and pausing game...
[22:54:14] [Server thread/INFO]: Saving chunks for level 'ServerLevel[New World]'/minecraft:overworld
[22:54:14] [Server thread/INFO]: Saving chunks for level 'ServerLevel[New World]'/minecraft:the_end
[22:54:14] [Server thread/INFO]: Saving chunks for level 'ServerLevel[New World]'/minecraft:the_nether
[22:56:06] [Server thread/WARN]: Can't keep up! Is the server overloaded? Running 2260ms or 45 ticks behind
[22:56:12] [Server thread/INFO]: Saving and pausing game...
[22:56:12] [Server thread/INFO]: Saving chunks for level 'ServerLevel[New World]'/minecraft:overworld
[22:56:12] [Server thread/INFO]: Saving chunks for level 'ServerLevel[New World]'/minecraft:the_end
[22:56:12] [Server thread/INFO]: Saving chunks for level 'ServerLevel[New World]'/minecraft:the_nether
[22:56:55] [Server thread/INFO]: Saving and pausing game...
[22:56:55] [Server thread/INFO]: Saving chunks for level 'ServerLevel[New World]'/minecraft:overworld
[22:56:55] [Server thread/INFO]: Saving chunks for level 'ServerLevel[New World]'/minecraft:the_end
[22:56:55] [Server thread/INFO]: Saving chunks for level 'ServerLevel[New World]'/minecraft:the_nether
[22:57:54] [Render thread/INFO]: [System] [CHAT] Respawn point set
[22:58:10] [Server thread/INFO]: Saving and pausing game...
[22:58:10] [Server thread/INFO]: Saving chunks for level 'ServerLevel[New World]'/minecraft:overworld
[22:58:10] [Server thread/INFO]: Saving chunks for level 'ServerLevel[New World]'/minecraft:the_end
[22:58:10] [Server thread/INFO]: Saving chunks for level 'ServerLevel[New World]'/minecraft:the_nether
[22:58:12] [Server thread/INFO]: DemonHunter lost connection: Disconnected
[22:58:12] [Server thread/INFO]: DemonHunter left the game
[22:58:12] [Server thread/INFO]: Stopping singleplayer server as player logged out
[22:58:12] [Server thread/INFO]: Stopping server
[22:58:12] [Server thread/INFO]: Saving players
[22:58:12] [Server thread/INFO]: Saving worlds
[22:58:12] [Server thread/INFO]: Saving chunks for level 'ServerLevel[New World]'/minecraft:overworld
[22:58:13] [Server thread/INFO]: Saving chunks for level 'ServerLevel[New World]'/minecraft:the_end
[22:58:13] [Server thread/INFO]: Saving chunks for level 'ServerLevel[New World]'/minecraft:the_nether
[22:58:13] [Server thread/INFO]: ThreadedAnvilChunkStorage (New World): All chunks are saved
[22:58:13] [Server thread/INFO]: ThreadedAnvilChunkStorage (DIM1): All chunks are saved
[22:58:13] [Server thread/INFO]: ThreadedAnvilChunkStorage (DIM-1): All chunks are saved
[22:58:13] [Server thread/INFO]: ThreadedAnvilChunkStorage: All dimensions are saved
[22:58:28] [Render thread/INFO]: Stopping!
